<?xml version="1.0" encoding="UTF-8"?>
<!-- Generated by org.testng.reporters.JUnitReportReporter -->
<testsuite skipped="0" hostname="Siams-MacBook-Air.local" name="testNG.concepts.TestNGPractice" tests="1" failures="0" timestamp="30 Oct 2020 01:24:53 GMT" time="8.813" errors="0">
  <testcase name="navigateToURL" time="8.813" classname="testNG.concepts.TestNGPractice"/>
</testsuite> <!-- testNG.concepts.TestNGPractice -->
